2018-02-01 18:48:12,470 - keywords - INFO - start crawling: https://gradadmissions.stanford.edu/programs/management-science-and-engineering
2018-02-01 18:48:35,975 - keywords - INFO - start crawling: http://engineering.jhu.edu/fields-of-study/engineering-management/
2018-02-01 18:48:57,834 - keywords - INFO - start crawling: http://www.mccormick.northwestern.edu/industrial/phd-program/index.html
2018-02-01 18:49:19,584 - keywords - INFO - start crawling: https://engineering.wustl.edu/Programs/Pages/construction-management.aspx
2018-02-01 18:49:42,312 - keywords - INFO - start crawling: https://engineering.wustl.edu/Programs/Pages/engineering-management.aspx
2018-02-01 18:50:05,083 - keywords - INFO - start crawling: https://sever.wustl.edu/degreeprograms/engineering-management/Pages/default.aspx
2018-02-01 18:50:27,908 - keywords - INFO - start crawling: https://engineering.wustl.edu/Programs/Pages/information-systems-management.aspx
2018-02-01 18:50:50,533 - keywords - INFO - start crawling: http://www.engineering.cornell.edu/academics/undergraduate/curriculum/minors/eng_mgmt.cfm
2018-02-01 18:51:12,189 - keywords - INFO - start crawling: http://gradschool.cornell.edu/academics/fields-of-study/subject/civil-and-environmental-engineering/engineering-management-meng-ithaca
2018-02-01 18:56:07,711 - keywords - INFO - start crawling: https://www.brown.edu/academics/gradschool/programs/innovation-management-and-entrepreneurship-engineering
2018-02-01 18:56:37,864 - keywords - INFO - start crawling: https://grad.ucla.edu/programs/anderson-school-of-management/management-master-of-financial-engineering/
2018-02-01 18:57:01,056 - keywords - INFO - start crawling: http://www.cit.cmu.edu/etim/
2018-02-01 18:57:22,792 - keywords - INFO - start crawling: https://viterbigradadmission.usc.edu/programs/masters/msprograms/industrial-systems-engineering/ms-engineering-management/
2018-02-01 18:57:45,662 - keywords - INFO - start crawling: http://asegrad.tufts.edu/academics/explore-graduate-programs/engineering-management
2018-02-01 18:58:07,451 - keywords - INFO - start crawling: http://gordon.tufts.edu/programs/m-s-in-engineering-management/
2018-02-01 18:59:46,449 - keywords - INFO - start crawling: http://gordon.tufts.edu/programs/m-s-in-engineering-management/msem-vs-mba/
2018-02-01 19:01:30,631 - keywords - INFO - start crawling: http://gordon.tufts.edu/programs/m-s-in-engineering-management/curriculum/
2018-02-01 19:03:11,108 - keywords - INFO - start crawling: https://umdearborn.edu/cecs/departments/industrial-and-manufacturing-systems-engineering/graduate-programs/ms-engineering-management
2018-02-01 19:03:35,155 - keywords - INFO - start crawling: https://umdearborn.edu/cecs/departments/industrial-and-manufacturing-systems-engineering/graduate-programs/ms-program-and-project-management
2018-02-01 19:03:59,088 - keywords - INFO - start crawling: http://bulletin.case.edu/schoolofengineering/#degreeprogramstext
2018-02-01 19:06:05,059 - keywords - INFO - start crawling: http://ise.lehigh.edu/content/masters-programs-courses#Management
2018-02-01 19:06:56,466 - keywords - INFO - start crawling: http://www.bu.edu/eng/programs/se-master-of-engineering-meng/
2018-02-01 19:09:50,710 - keywords - INFO - start crawling: http://www.bu.edu/eng/programs/msmba-manufacture/
2018-02-01 19:12:21,780 - keywords - INFO - start crawling: https://merage.uci.edu/programs/masters/master-science-engineering-management/index.html
2018-02-01 19:12:45,046 - keywords - INFO - start crawling: http://www.eng.uci.edu/admissions/graduate/programs-and-concentrations/engineering-management
2018-02-01 19:13:06,666 - keywords - INFO - start crawling: http://lifelong.engr.utexas.edu/pme/index.php
2018-02-01 19:14:32,695 - keywords - INFO - start crawling: https://programs.gwu.edu/graduate/energy-engineering-and-management
2018-02-01 19:14:56,141 - keywords - INFO - start crawling: https://programs.gwu.edu/graduate/engineering-and-technology-management
2018-02-01 19:15:19,387 - keywords - INFO - start crawling: https://programs.gwu.edu/graduate/engineering-management
2018-02-01 19:15:42,651 - keywords - INFO - start crawling: http://www.smu.edu/Lyle/Departments/EMIS/DegreePrograms
2018-02-01 19:16:04,334 - keywords - INFO - start crawling: http://eng-cs.syr.edu/program/engineering-management/?degree=masters_program&_ga=2.94081245.1517211521.1507083995-2002231563.1505297057
2018-02-01 19:17:08,457 - keywords - INFO - start crawling: https://onestop2.umn.edu/pcas/viewCatalogProgram.do?programID=7101
2018-02-01 19:17:31,330 - keywords - INFO - start crawling: https://onestop2.umn.edu/pcas/viewCatalogProgram.do?programID=10821
2018-02-01 19:17:54,048 - keywords - INFO - start crawling: https://www.stevens.edu/schaefer-school-engineering-science/departments/civil-environmental-ocean-engineering/graduate-programs/construction-engineering-and-management-masters-degree
2018-02-01 19:18:17,753 - keywords - INFO - start crawling: https://www.stevens.edu/schaefer-school-engineering-science/departments/civil-environmental-ocean-engineering/graduate-programs/construction-management-masters-program
2018-02-01 19:18:41,422 - keywords - INFO - start crawling: https://www.stevens.edu/schaefer-school-engineering-science/departments/civil-environmental-ocean-engineering/graduate-programs/sustainability-management-masters-program
2018-02-01 19:19:04,711 - keywords - INFO - start crawling: https://www.stevens.edu/school-systems-enterprises/masters-degree-programs/engineering-management-masters-degree
2018-02-01 19:19:27,323 - keywords - INFO - start crawling: http://mie.umass.edu/engineering-management-ms
2018-02-01 19:19:49,388 - keywords - INFO - start crawling: http://drexel.edu/grad/programs/coe/engineering-management/
2018-02-01 19:26:33,528 - keywords - INFO - start crawling: http://www.unl.eduprospective/programs/Construction
2018-02-01 19:27:14,717 - keywords - INFO - start crawling: http://www.unl.eduprospective/programs/EngineeringManagement
