Crawled domain,Started,Finished
https://gradadmissions.stanford.edu/programs/management-science-and-engineering,2018-02-01 00:54:57.853510,2018-02-01 00:54:59.184737
Crawled domain,Started,Finished
http://engineering.jhu.edu/fields-of-study/engineering-management/,2018-02-01 00:55:20.171965,2018-02-01 00:55:21.100177
Crawled domain,Started,Finished
http://www.mccormick.northwestern.edu/industrial/phd-program/index.html,2018-02-01 00:55:41.859439,2018-02-01 00:55:42.782933
Crawled domain,Started,Finished
https://engineering.wustl.edu/Programs/Pages/construction-management.aspx,2018-02-01 00:56:03.537505,2018-02-01 00:56:05.255126
Crawled domain,Started,Finished
https://engineering.wustl.edu/Programs/Pages/engineering-management.aspx,2018-02-01 00:56:26.253914,2018-02-01 00:56:27.800382
Crawled domain,Started,Finished
https://sever.wustl.edu/degreeprograms/engineering-management/Pages/default.aspx,2018-02-01 00:56:48.796602,2018-02-01 00:56:50.359447
Crawled domain,Started,Finished
https://engineering.wustl.edu/Programs/Pages/information-systems-management.aspx,2018-02-01 00:57:11.345138,2018-02-01 00:57:12.945559
Crawled domain,Started,Finished
http://www.engineering.cornell.edu/academics/undergraduate/curriculum/minors/eng_mgmt.cfm,2018-02-01 00:57:33.940246,2018-02-01 00:57:34.837993
Crawled domain,Started,Finished
http://gradschool.cornell.edu/academics/fields-of-study/subject/civil-and-environmental-engineering/engineering-management-meng-ithaca,2018-02-01 00:57:55.581703,2018-02-01 01:02:32.452205
Crawled domain,Started,Finished
https://www.brown.edu/academics/gradschool/programs/innovation-management-and-entrepreneurship-engineering,2018-02-01 01:02:53.207078,2018-02-01 01:03:02.007525
Crawled domain,Started,Finished
https://grad.ucla.edu/programs/anderson-school-of-management/management-master-of-financial-engineering/,2018-02-01 01:03:23.043926,2018-02-01 01:03:24.635985
Crawled domain,Started,Finished
http://www.cit.cmu.edu/etim/,2018-02-01 01:03:46.378067,2018-02-01 01:03:47.355026
Crawled domain,Started,Finished
https://viterbigradadmission.usc.edu/programs/masters/msprograms/industrial-systems-engineering/ms-engineering-management/,2018-02-01 01:04:08.099341,2018-02-01 01:04:09.892678
Crawled domain,Started,Finished
http://asegrad.tufts.edu/academics/explore-graduate-programs/engineering-management,2018-02-01 01:04:30.923973,2018-02-01 01:04:31.942619
Crawled domain,Started,Finished
http://gordon.tufts.edu/programs/m-s-in-engineering-management/,2018-02-01 01:04:52.692772,2018-02-01 01:06:14.216876
Crawled domain,Started,Finished
http://gordon.tufts.edu/programs/m-s-in-engineering-management/msem-vs-mba/,2018-02-01 01:06:34.988303,2018-02-01 01:07:52.993291
Crawled domain,Started,Finished
http://gordon.tufts.edu/programs/m-s-in-engineering-management/curriculum/,2018-02-01 01:08:13.750432,2018-02-01 01:09:32.684003
Crawled domain,Started,Finished
https://umdearborn.edu/cecs/departments/industrial-and-manufacturing-systems-engineering/graduate-programs/ms-engineering-management,2018-02-01 01:09:53.445336,2018-02-01 01:09:56.173083
Crawled domain,Started,Finished
https://umdearborn.edu/cecs/departments/industrial-and-manufacturing-systems-engineering/graduate-programs/ms-program-and-project-management,2018-02-01 01:10:17.205691,2018-02-01 01:10:19.732857
Crawled domain,Started,Finished
http://bulletin.case.edu/schoolofengineering/#degreeprogramstext,2018-02-01 01:10:40.750926,2018-02-01 01:12:35.658698
Crawled domain,Started,Finished
http://ise.lehigh.edu/content/masters-programs-courses#Management,2018-02-01 01:12:56.730277,2018-02-01 01:13:26.129199
Crawled domain,Started,Finished
http://www.bu.edu/eng/programs/se-master-of-engineering-meng/,2018-02-01 01:13:46.883056,2018-02-01 01:17:35.702152
Crawled domain,Started,Finished
http://www.bu.edu/eng/programs/msmba-manufacture/,2018-02-01 01:17:56.632648,2018-02-01 01:20:27.562083
Crawled domain,Started,Finished
https://merage.uci.edu/programs/masters/master-science-engineering-management/index.html,2018-02-01 01:20:48.471869,2018-02-01 01:20:50.064760
Crawled domain,Started,Finished
http://www.eng.uci.edu/admissions/graduate/programs-and-concentrations/engineering-management,2018-02-01 01:21:11.808225,2018-02-01 01:21:12.676135
Crawled domain,Started,Finished
http://lifelong.engr.utexas.edu/pme/index.php,2018-02-01 01:21:33.424718,2018-02-01 01:22:36.574053
Crawled domain,Started,Finished
https://programs.gwu.edu/graduate/energy-engineering-and-management,2018-02-01 01:22:57.363211,2018-02-01 01:22:59.064985
Crawled domain,Started,Finished
https://programs.gwu.edu/graduate/engineering-and-technology-management,2018-02-01 01:23:20.819260,2018-02-01 01:23:22.411298
Crawled domain,Started,Finished
https://programs.gwu.edu/graduate/engineering-management,2018-02-01 01:23:44.170792,2018-02-01 01:23:45.759709
Crawled domain,Started,Finished
http://www.smu.edu/Lyle/Departments/EMIS/DegreePrograms,2018-02-01 01:24:07.514765,2018-02-01 01:24:08.444894
Crawled domain,Started,Finished
http://eng-cs.syr.edu/program/engineering-management/?degree=masters_program&_ga=2.94081245.1517211521.1507083995-2002231563.1505297057,2018-02-01 01:24:29.201917,2018-02-01 01:25:11.744839
Crawled domain,Started,Finished
https://onestop2.umn.edu/pcas/viewCatalogProgram.do?programID=7101,2018-02-01 01:25:32.508064,2018-02-01 01:25:34.665280
Crawled domain,Started,Finished
https://onestop2.umn.edu/pcas/viewCatalogProgram.do?programID=10821,2018-02-01 01:25:55.712171,2018-02-01 01:25:57.808793
Crawled domain,Started,Finished
https://www.stevens.edu/schaefer-school-engineering-science/departments/civil-environmental-ocean-engineering/graduate-programs/construction-engineering-and-management-masters-degree,2018-02-01 01:26:18.845722,2018-02-01 01:26:20.807445
Crawled domain,Started,Finished
https://www.stevens.edu/schaefer-school-engineering-science/departments/civil-environmental-ocean-engineering/graduate-programs/construction-management-masters-program,2018-02-01 01:26:41.788406,2018-02-01 01:26:43.308044
Crawled domain,Started,Finished
https://www.stevens.edu/schaefer-school-engineering-science/departments/civil-environmental-ocean-engineering/graduate-programs/sustainability-management-masters-program,2018-02-01 01:27:04.280631,2018-02-01 01:27:07.122790
Crawled domain,Started,Finished
https://www.stevens.edu/school-systems-enterprises/masters-degree-programs/engineering-management-masters-degree,2018-02-01 01:27:28.102652,2018-02-01 01:27:29.603474
Crawled domain,Started,Finished
http://mie.umass.edu/engineering-management-ms,2018-02-01 01:27:50.605894,2018-02-01 01:27:52.506148
Crawled domain,Started,Finished
http://drexel.edu/grad/programs/coe/engineering-management/,2018-02-01 01:28:13.261011,2018-02-01 01:34:33.513900
Crawled domain,Started,Finished
http://www.unl.eduprospective/programs/Construction,2018-02-01 01:34:54.294728,2018-02-01 01:35:14.626822
Crawled domain,Started,Finished
http://www.unl.eduprospective/programs/EngineeringManagement,2018-02-01 01:35:35.379536,2018-02-01 01:35:55.699603
